{
  "stats": {
    "suites": 1,
    "tests": 2,
    "passes": 2,
    "pending": 0,
    "failures": 0,
    "start": "2025-09-05T20:56:30.614Z",
    "end": "2025-09-05T20:56:35.165Z",
    "duration": 4551,
    "testsRegistered": 2,
    "passPercent": 100,
    "pendingPercent": 0,
    "other": 0,
    "hasOther": false,
    "skipped": 0,
    "hasSkipped": false
  },
  "results": [
    {
      "uuid": "22b3f42c-a65f-408e-9c67-1dc6be8b1199",
      "title": "",
      "fullFile": "C:\\Users\\ACER\\Documents\\Project bootcamp\\QA Engineer\\tests\\POM.js",
      "file": "\\tests\\POM.js",
      "beforeHooks": [],
      "afterHooks": [],
      "tests": [],
      "suites": [
        {
          "uuid": "a7b59b0e-fc99-4300-bfdf-a67aeca6fdb1",
          "title": "Tugas dengan Page Object Model (POM)",
          "fullFile": "C:\\Users\\ACER\\Documents\\Project bootcamp\\QA Engineer\\tests\\POM.js",
          "file": "\\tests\\POM.js",
          "beforeHooks": [
            {
              "title": "\"before all\" hook in \"Tugas dengan Page Object Model (POM)\"",
              "fullTitle": "Tugas dengan Page Object Model (POM) \"before all\" hook in \"Tugas dengan Page Object Model (POM)\"",
              "timedOut": false,
              "duration": 1948,
              "state": null,
              "speed": null,
              "pass": false,
              "fail": false,
              "pending": false,
              "context": null,
              "code": "this.timeout(30000);\ndriver = await new Builder().forBrowser('chrome').build();\nloginPage = new LoginPage(driver);\ninventoryPage = new InventoryPage(driver);",
              "err": {},
              "uuid": "30c63f91-a1d5-4d06-bbdf-a5a922a4cdb8",
              "parentUUID": "a7b59b0e-fc99-4300-bfdf-a67aeca6fdb1",
              "isHook": true,
              "skipped": false
            }
          ],
          "afterHooks": [
            {
              "title": "\"after all\" hook in \"Tugas dengan Page Object Model (POM)\"",
              "fullTitle": "Tugas dengan Page Object Model (POM) \"after all\" hook in \"Tugas dengan Page Object Model (POM)\"",
              "timedOut": false,
              "duration": 941,
              "state": null,
              "speed": null,
              "pass": false,
              "fail": false,
              "pending": false,
              "context": null,
              "code": "await driver.quit();",
              "err": {},
              "uuid": "88bb5c97-4be0-43ce-a77f-694846b96f1d",
              "parentUUID": "a7b59b0e-fc99-4300-bfdf-a67aeca6fdb1",
              "isHook": true,
              "skipped": false
            }
          ],
          "tests": [
            {
              "title": "Harus berhasil login menggunakan fungsi dari Page Object",
              "fullTitle": "Tugas dengan Page Object Model (POM) Harus berhasil login menggunakan fungsi dari Page Object",
              "timedOut": false,
              "duration": 1482,
              "state": "passed",
              "speed": "slow",
              "pass": true,
              "fail": false,
              "pending": false,
              "context": null,
              "code": "await loginPage.login('standard_user', 'secret_sauce');\n\n// Validasi\nawait driver.wait(until.urlContains('/inventory.html'), 5000);\nawait inventoryPage.validateOnPage();\nconsole.log(\"Test Case Login dengan POM Berhasil!\");",
              "err": {},
              "uuid": "94f715c9-a17f-458e-8a20-a63123e70eec",
              "parentUUID": "a7b59b0e-fc99-4300-bfdf-a67aeca6fdb1",
              "isHook": false,
              "skipped": false
            },
            {
              "title": "Harus berhasil mengurutkan produk dari A-Z menggunakan Page Object",
              "fullTitle": "Tugas dengan Page Object Model (POM) Harus berhasil mengurutkan produk dari A-Z menggunakan Page Object",
              "timedOut": false,
              "duration": 173,
              "state": "passed",
              "speed": "slow",
              "pass": true,
              "fail": false,
              "pending": false,
              "context": null,
              "code": "await inventoryPage.sortProducts('az');\n\n// Validasi\nawait inventoryPage.validateSortOrder('az');\nconsole.log(\"Test Case Sorting dengan POM Berhasil!\");",
              "err": {},
              "uuid": "e004f737-69ae-458f-9a72-5d86a98c3a32",
              "parentUUID": "a7b59b0e-fc99-4300-bfdf-a67aeca6fdb1",
              "isHook": false,
              "skipped": false
            }
          ],
          "suites": [],
          "passes": [
            "94f715c9-a17f-458e-8a20-a63123e70eec",
            "e004f737-69ae-458f-9a72-5d86a98c3a32"
          ],
          "failures": [],
          "pending": [],
          "skipped": [],
          "duration": 1655,
          "root": false,
          "rootEmpty": false,
          "_timeout": 60000
        }
      ],
      "passes": [],
      "failures": [],
      "pending": [],
      "skipped": [],
      "duration": 0,
      "root": true,
      "rootEmpty": true,
      "_timeout": 60000
    }
  ],
  "meta": {
    "mocha": {
      "version": "11.7.2"
    },
    "mochawesome": {
      "options": {
        "quiet": false,
        "reportFilename": "mochawesome",
        "saveHtml": true,
        "saveJson": true,
        "consoleReporter": "spec",
        "useInlineDiffs": false,
        "code": true
      },
      "version": "7.1.3"
    },
    "marge": {
      "options": null,
      "version": "6.2.0"
    }
  }
}